<?xml version="1.0" encoding="UTF-8"?>
<!-- Generated by org.testng.reporters.JUnitReportReporter -->
<testsuite hostname="DESKTOP-P7RMPSV" failures="0" tests="4" name="TestNG.Mtdpriority" time="0.014" errors="0" timestamp="2022-05-24T23:05:04 GMT-07:00" skipped="0">
  <testcase classname="TestNG.Mtdpriority" name="c" time="0.001"/>
  <system-out/>
  <testcase classname="TestNG.Mtdpriority" name="b" time="0.007"/>
  <system-out/>
  <testcase classname="TestNG.Mtdpriority" name="d" time="0.001"/>
  <system-out/>
  <testcase classname="TestNG.Mtdpriority" name="a" time="0.005"/>
  <system-out/>
</testsuite> <!-- TestNG.Mtdpriority -->
