<?xml version="1.0" encoding="UTF-8"?>
<!-- Generated by org.testng.reporters.JUnitReportReporter -->
<testsuite hostname="DESKTOP-P7RMPSV" failures="0" tests="2" name="TestNG.annotations" time="0.012" errors="0" timestamp="2022-05-24T00:05:28 GMT-07:00" skipped="0">
  <testcase classname="TestNG.annotations" name="testcase2" time="0.004"/>
  <system-out/>
  <testcase classname="TestNG.annotations" name="testcase1" time="0.008"/>
  <system-out/>
</testsuite> <!-- TestNG.annotations -->
