<?xml version="1.0" encoding="UTF-8"?>
<!-- Generated by org.testng.reporters.JUnitReportReporter -->
<testsuite hostname="DESKTOP-P7RMPSV" failures="0" tests="1" name="TestNG.Parameter" time="0.007" errors="0" timestamp="2022-05-24T23:50:47 GMT-07:00" skipped="0">
  <testcase classname="TestNG.Parameter" name="Sum" time="0.007"/>
  <system-out/>
</testsuite> <!-- TestNG.Parameter -->
