<?xml version="1.0" encoding="UTF-8"?>
<!-- Generated by org.testng.reporters.JUnitReportReporter -->
<testsuite hostname="DESKTOP-P7RMPSV" failures="0" tests="2" name="TestNG.TestGroup" time="0.007" errors="0" timestamp="2022-05-25T23:35:48 GMT-07:00" skipped="0">
  <testcase classname="TestNG.TestGroup" name="a" time="0.006"/>
  <system-out/>
  <testcase classname="TestNG.TestGroup" name="c" time="0.001"/>
  <system-out/>
</testsuite> <!-- TestNG.TestGroup -->
